============================= test session starts ==============================
platform darwin -- Python 3.14.6, pytest-9.1.1, pluggy-1.6.0
rootdir: /Users/macintosh/Documents/ChatGPT/bitcoin-trader-worktrees/post-72h-final-audit
configfile: pyproject.toml
collected 944 items

tests/test_72h_feed_universe.py ..                                       [  0%]
tests/test_72h_property_invariants.py ...                                [  0%]
tests/test_72h_synthetic_chaos.py ....                                   [  0%]
tests/test_ai_brain.py .......                                           [  1%]
tests/test_archive_concurrency.py ......                                 [  2%]
tests/test_archive_ownership.py ..........                               [  3%]
tests/test_archive_scheduler.py ............                             [  4%]
tests/test_autonomous_trader_safety.py ................................. [  8%]
.........                                                                [  9%]
tests/test_backtest.py .............                                     [ 10%]
tests/test_backtester_oracle.py ................                         [ 12%]
tests/test_binance_diagnostic.py .......                                 [ 12%]
tests/test_bithumb_websocket.py ...............                          [ 14%]
tests/test_bounded_supervisor.py ........                                [ 15%]
tests/test_canonical_market_data.py ......                               [ 15%]
tests/test_cli.py ..........                                             [ 17%]
tests/test_cli_hardening.py .........                                    [ 18%]
tests/test_collector_metrics_publisher.py ...........                    [ 19%]
tests/test_collector_status.py .........                                 [ 20%]
tests/test_cross_exchange_aligner.py ....                                [ 20%]
tests/test_cross_market_collector.py ..............                      [ 22%]
tests/test_daily_strategy_candidates.py .......                          [ 22%]
tests/test_data.py .....................                                 [ 25%]
tests/test_data_quality_flags.py ....                                    [ 25%]
tests/test_disabled_transport.py ...                                     [ 25%]
tests/test_discord_notify.py .........                                   [ 26%]
tests/test_end_to_end_paper_pipeline.py .                                [ 26%]
tests/test_execution.py ........................................         [ 31%]
tests/test_execution_simulator.py .....................                  [ 33%]
tests/test_experiment_runner.py .............................            [ 36%]
tests/test_external_news.py .......                                      [ 37%]
tests/test_failure_injection.py ..                                       [ 37%]
tests/test_feature_causality.py ....                                     [ 37%]
tests/test_fill_ledger.py .......                                        [ 38%]
tests/test_final_audit.py ..                                             [ 38%]
tests/test_full_scan_supervision.py .......                              [ 39%]
tests/test_fuzz_properties.py .                                          [ 39%]
tests/test_gemini_council.py .                                           [ 39%]
tests/test_indicators.py ..............                                  [ 41%]
tests/test_institutional_strategy.py ....                                [ 41%]
tests/test_latency_protocol.py ...                                       [ 41%]
tests/test_live_policy_research.py ..........                            [ 42%]
tests/test_market_data_normalization_contract.py .....                   [ 43%]
tests/test_market_warning_signals.py ..                                  [ 43%]
tests/test_microstructure_zstd_scan.py .....                             [ 44%]
tests/test_offline_manifests.py ....                                     [ 44%]
tests/test_opportunity_candidates.py ...                                 [ 44%]
tests/test_opportunity_research.py .........                             [ 45%]
tests/test_paper.py .................                                    [ 47%]
tests/test_paper_engine.py ......                                        [ 48%]
tests/test_phase3_p13_p17_p18.py .........                               [ 49%]
tests/test_phase4_regressions.py ................                        [ 50%]
tests/test_phase5_regressions.py ..................                      [ 52%]
tests/test_phase5_synthetic_e2e.py ..................................... [ 56%]
...                                                                      [ 57%]
tests/test_phase6_1_cohort_oracle.py ...                                 [ 57%]
tests/test_phase6_3_contract.py ..................                       [ 59%]
tests/test_phase6_crosslayer_regressions.py .....................        [ 61%]
tests/test_phase6_runbook_e2e.py .........................               [ 64%]
tests/test_post_soak_audit_tooling.py .....                              [ 64%]
tests/test_pre_soak_archive.py .........................                 [ 67%]
tests/test_prospective_dataset.py ................                       [ 69%]
tests/test_readiness.py .....                                            [ 69%]
tests/test_rebalance_backtest.py .......                                 [ 70%]
tests/test_reference_dsr.py ....                                         [ 70%]
tests/test_reference_pbo.py ...                                          [ 71%]
tests/test_reference_signals.py ........                                 [ 71%]
tests/test_reference_wrc.py .....                                        [ 72%]
tests/test_replay.py .....                                               [ 72%]
tests/test_research_candidates.py .....                                  [ 73%]
tests/test_research_cli.py ...ss..                                       [ 74%]
tests/test_research_governance.py .....                                  [ 74%]
tests/test_research_statistics.py ......                                 [ 75%]
tests/test_research_validator.py ...                                     [ 75%]
tests/test_risk.py ......                                                [ 76%]
tests/test_risk_engine.py ...........................                    [ 79%]
tests/test_s3_archive_store.py ...                                       [ 79%]
tests/test_sample_size_planner.py ..                                     [ 79%]
tests/test_scan_ledger.py ...                                            [ 80%]
tests/test_security_sanitization.py ....                                 [ 80%]
tests/test_self_growth.py ..                                             [ 80%]
tests/test_short_smoke_runtime_config.py .....                           [ 81%]
tests/test_state.py .....                                                [ 81%]
tests/test_strategy.py ..................................                [ 85%]
tests/test_strategy_v2_research.py ...                                   [ 85%]
tests/test_strategy_v3_candidates.py .......                             [ 86%]
tests/test_strategy_v3_research.py ..                                    [ 86%]
tests/test_synthetic_market.py ...                                       [ 86%]
tests/test_transient_launch.py ..                                        [ 87%]
tests/test_wave3.py ..........                                           [ 88%]
tests/test_wave3_validator.py ..............                             [ 89%]
tests/test_wave4.py ..........                                           [ 90%]
tests/test_wave4_validator.py .................                          [ 92%]
tests/test_wave5.py ........                                             [ 93%]
tests/test_wave5_validator.py .......                                    [ 94%]
tests/test_weekly_research.py ...                                        [ 94%]
tests/test_winrate_mean_reversion_candidates.py .....                    [ 95%]
tests/test_winrate_meta_candidates.py ....                               [ 95%]
tests/test_winrate_research.py ..........                                [ 96%]
tests/test_winrate_runner.py .......                                     [ 97%]
tests/test_winrate_session_candidates.py .....                           [ 97%]
tests/test_winrate_trend_candidates.py ....                              [ 98%]
tests/test_winrate_validator.py .............                            [ 99%]
tests/test_winrate_volatility_candidates.py ....                         [100%]

================== 942 passed, 2 skipped in 61.73s (0:01:01) ===================
